This file contains any messages produced by compilers while
running configure, to aid debugging if configure makes a mistake.

It was created by scws configure 1.2.3, which was
generated by GNU Autoconf 2.69.  Invocation command line was

  $ ./configure --prefix=/svr/htdocs/test/xunsearch/

## --------- ##
## Platform. ##
## --------- ##

hostname = EL.local
uname -m = x86_64
uname -r = 15.0.0
uname -s = Darwin
uname -v = Darwin Kernel Version 15.0.0: Wed Aug 26 16:57:32 PDT 2015; root:xnu-3247.1.106~1/RELEASE_X86_64

/usr/bin/uname -p = i386
/bin/uname -X     = unknown

/bin/arch              = unknown
/usr/bin/arch -k       = unknown
/usr/convex/getsysinfo = unknown
/usr/bin/hostinfo      = Mach kernel version:
	 Darwin Kernel Version 15.0.0: Wed Aug 26 16:57:32 PDT 2015; root:xnu-3247.1.106~1/RELEASE_X86_64
Kernel configured for up to 4 processors.
2 processors are physically available.
4 processors are logically available.
Processor type: i486 (Intel 80486)
Processors active: 0 1 2 3
Primary memory available: 4.00 gigabytes
Default processor set: 227 tasks, 1284 threads, 4 processors
Load average: 1.83, Mach factor: 2.43
/bin/machine           = unknown
/usr/bin/oslevel       = unknown
/bin/universe          = unknown

PATH: /usr/local/sbin
PATH: /usr/local/bin
PATH: /usr/bin
PATH: /bin
PATH: /usr/sbin
PATH: /sbin
PATH: /usr/local/bin
PATH: /opt/X11/bin


## ----------- ##
## Core tests. ##
## ----------- ##

configure:2460: checking for a BSD-compatible install
configure:2528: result: /usr/bin/install -c
configure:2539: checking whether build environment is sane
configure:2594: result: yes
configure:2745: checking for a thread-safe mkdir -p
configure:2784: result: ./install-sh -c -d
configure:2791: checking for gawk
configure:2821: result: no
configure:2791: checking for mawk
configure:2821: result: no
configure:2791: checking for nawk
configure:2821: result: no
configure:2791: checking for awk
configure:2807: found /usr/bin/awk
configure:2818: result: awk
configure:2829: checking whether make sets $(MAKE)
configure:2851: result: yes
configure:2880: checking whether make supports nested variables
configure:2897: result: yes
configure:3083: checking for gcc
configure:3099: found /usr/bin/gcc
configure:3110: result: gcc
configure:3339: checking for C compiler version
configure:3348: gcc --version >&5
Apple LLVM version 7.3.0 (clang-703.0.31)
Target: x86_64-apple-darwin15.0.0
Thread model: posix
InstalledDir: /Applications/Xcode.app/Contents/Developer/Toolchains/XcodeDefault.xctoolchain/usr/bin
Configured with: --prefix=/Applications/Xcode.app/Contents/Developer/usr --with-gxx-include-dir=/usr/include/c++/4.2.1
configure:3359: $? = 0
configure:3348: gcc -v >&5
Configured with: --prefix=/Applications/Xcode.app/Contents/Developer/usr --with-gxx-include-dir=/usr/include/c++/4.2.1
Apple LLVM version 7.3.0 (clang-703.0.31)
Target: x86_64-apple-darwin15.0.0
Thread model: posix
InstalledDir: /Applications/Xcode.app/Contents/Developer/Toolchains/XcodeDefault.xctoolchain/usr/bin
configure:3359: $? = 0
configure:3348: gcc -V >&5
clang: error: argument to '-V' is missing (expected 1 value)
clang: error: no input files
configure:3359: $? = 1
configure:3348: gcc -qversion >&5
clang: error: unknown argument: '-qversion'
clang: error: no input files
configure:3359: $? = 1
configure:3379: checking whether the C compiler works
configure:3401: gcc -O2   conftest.c  >&5
configure:3405: $? = 0
configure:3453: result: yes
configure:3456: checking for C compiler default output file name
configure:3458: result: a.out
configure:3464: checking for suffix of executables
configure:3471: gcc -o conftest -O2   conftest.c  >&5
configure:3475: $? = 0
configure:3497: result: 
configure:3519: checking whether we are cross compiling
configure:3527: gcc -o conftest -O2   conftest.c  >&5
configure:3531: $? = 0
configure:3538: ./conftest
configure:3542: $? = 0
configure:3557: result: no
configure:3562: checking for suffix of object files
configure:3584: gcc -c -O2  conftest.c >&5
configure:3588: $? = 0
configure:3609: result: o
configure:3613: checking whether we are using the GNU C compiler
configure:3632: gcc -c -O2  conftest.c >&5
configure:3632: $? = 0
configure:3641: result: yes
configure:3650: checking whether gcc accepts -g
configure:3670: gcc -c -g  conftest.c >&5
configure:3670: $? = 0
configure:3711: result: yes
configure:3728: checking for gcc option to accept ISO C89
configure:3791: gcc  -c -O2  conftest.c >&5
configure:3791: $? = 0
configure:3804: result: none needed
configure:3829: checking whether gcc understands -c and -o together
configure:3851: gcc -c conftest.c -o conftest2.o
configure:3854: $? = 0
configure:3851: gcc -c conftest.c -o conftest2.o
configure:3854: $? = 0
configure:3866: result: yes
configure:3894: checking for style of include used by make
configure:3922: result: GNU
configure:3948: checking dependency style of gcc
configure:4059: result: gcc3
configure:4074: checking for a sed that does not truncate output
configure:4138: result: /usr/bin/sed
configure:4144: checking whether ln -s works
configure:4148: result: yes
configure:4155: checking whether make sets $(MAKE)
configure:4177: result: yes
configure:4246: checking build system type
configure:4260: result: x86_64-apple-darwin15.0.0
configure:4280: checking host system type
configure:4293: result: x86_64-apple-darwin15.0.0
configure:4334: checking how to print strings
configure:4361: result: printf
configure:4382: checking for a sed that does not truncate output
configure:4446: result: /usr/bin/sed
configure:4464: checking for grep that handles long lines and -e
configure:4522: result: /usr/bin/grep
configure:4527: checking for egrep
configure:4589: result: /usr/bin/grep -E
configure:4594: checking for fgrep
configure:4656: result: /usr/bin/grep -F
configure:4691: checking for ld used by gcc
configure:4758: result: /Applications/Xcode.app/Contents/Developer/Toolchains/XcodeDefault.xctoolchain/usr/bin/ld
configure:4765: checking if the linker (/Applications/Xcode.app/Contents/Developer/Toolchains/XcodeDefault.xctoolchain/usr/bin/ld) is GNU ld
configure:4780: result: no
configure:4792: checking for BSD- or MS-compatible name lister (nm)
configure:4846: result: /usr/bin/nm -B
configure:4976: checking the name lister (/usr/bin/nm -B) interface
configure:4983: gcc -c -O2  conftest.c >&5
configure:4986: /usr/bin/nm -B "conftest.o"
configure:4989: output
0000000000000000 S _some_variable
configure:4996: result: BSD nm
configure:5000: checking the maximum length of command line arguments
configure:5131: result: 196608
configure:5179: checking how to convert x86_64-apple-darwin15.0.0 file names to x86_64-apple-darwin15.0.0 format
configure:5219: result: func_convert_file_noop
configure:5226: checking how to convert x86_64-apple-darwin15.0.0 file names to toolchain format
configure:5246: result: func_convert_file_noop
configure:5253: checking for /Applications/Xcode.app/Contents/Developer/Toolchains/XcodeDefault.xctoolchain/usr/bin/ld option to reload object files
configure:5260: result: -r
configure:5334: checking for objdump
configure:5364: result: no
configure:5393: checking how to recognize dependent libraries
configure:5593: result: pass_all
configure:5678: checking for dlltool
configure:5708: result: no
configure:5738: checking how to associate runtime and link libraries
configure:5765: result: printf %s\n
configure:5826: checking for ar
configure:5842: found /usr/bin/ar
configure:5853: result: ar
configure:5890: checking for archiver @FILE support
configure:5907: gcc -c -O2  conftest.c >&5
configure:5907: $? = 0
configure:5910: ar cru libconftest.a @conftest.lst >&5
ar: @conftest.lst: No such file or directory
configure:5913: $? = 1
configure:5933: result: no
configure:5991: checking for strip
configure:6007: found /usr/bin/strip
configure:6018: result: strip
configure:6090: checking for ranlib
configure:6106: found /usr/bin/ranlib
configure:6117: result: ranlib
configure:6219: checking command to parse /usr/bin/nm -B output from gcc object
configure:6372: gcc -c -O2  conftest.c >&5
configure:6375: $? = 0
configure:6379: /usr/bin/nm -B conftest.o \| sed -n -e 's/^.*[ ]\([BCDEGRST][BCDEGRST]*\)[ ][ ]*\([_A-Za-z][_A-Za-z0-9]*\)$/\1 \2 \2/p' | sed '/ __gnu_lto/d' \> conftest.nm
configure:6382: $? = 0
cannot find nm_test_var in conftest.nm
configure:6372: gcc -c -O2  conftest.c >&5
configure:6375: $? = 0
configure:6379: /usr/bin/nm -B conftest.o \| sed -n -e 's/^.*[ ]\([BCDEGRST][BCDEGRST]*\)[ ][ ]*_\([_A-Za-z][_A-Za-z0-9]*\)$/\1 _\2 \2/p' | sed '/ __gnu_lto/d' \> conftest.nm
configure:6382: $? = 0
configure:6448: gcc -o conftest -O2   conftest.c conftstm.o >&5
configure:6451: $? = 0
configure:6489: result: ok
configure:6536: checking for sysroot
configure:6566: result: no
configure:6573: checking for a working dd
configure:6611: result: /bin/dd
configure:6615: checking how to truncate binary pipes
configure:6630: result: /bin/dd bs=4096 count=1
configure:6959: checking for mt
configure:6989: result: no
configure:7009: checking if : is a manifest tool
configure:7015: : '-?'
configure:7023: result: no
configure:7079: checking for dsymutil
configure:7095: found /usr/bin/dsymutil
configure:7106: result: dsymutil
configure:7171: checking for nmedit
configure:7187: found /usr/bin/nmedit
configure:7198: result: nmedit
configure:7263: checking for lipo
configure:7279: found /usr/bin/lipo
configure:7290: result: lipo
configure:7355: checking for otool
configure:7371: found /usr/bin/otool
configure:7382: result: otool
configure:7447: checking for otool64
configure:7477: result: no
configure:7522: checking for -single_module linker flag
gcc -O2  -o libconftest.dylib -dynamiclib -Wl,-single_module conftest.c
configure:7555: result: yes
configure:7558: checking for -exported_symbols_list linker flag
configure:7578: gcc -o conftest -O2   -Wl,-exported_symbols_list,conftest.sym conftest.c  >&5
configure:7578: $? = 0
configure:7588: result: yes
configure:7591: checking for -force_load linker flag
gcc -O2 -c -o conftest.o conftest.c
ar cru libconftest.a conftest.o
ranlib libconftest.a
gcc -O2  -o conftest conftest.c -Wl,-force_load,./libconftest.a
configure:7623: result: yes
configure:7700: checking how to run the C preprocessor
configure:7731: gcc -E  conftest.c
configure:7731: $? = 0
configure:7745: gcc -E  conftest.c
conftest.c:11:10: fatal error: 'ac_nonexistent.h' file not found
#include <ac_nonexistent.h>
         ^
1 error generated.
configure:7745: $? = 1
configure: failed program was:
| /* confdefs.h */
| #define PACKAGE_NAME "scws"
| #define PACKAGE_TARNAME "scws"
| #define PACKAGE_VERSION "1.2.3"
| #define PACKAGE_STRING "scws 1.2.3"
| #define PACKAGE_BUGREPORT "http://www.xunsearch.com/scws"
| #define PACKAGE_URL ""
| #define PACKAGE "scws"
| #define VERSION "1.2.3"
| /* end confdefs.h.  */
| #include <ac_nonexistent.h>
configure:7770: result: gcc -E
configure:7790: gcc -E  conftest.c
configure:7790: $? = 0
configure:7804: gcc -E  conftest.c
conftest.c:11:10: fatal error: 'ac_nonexistent.h' file not found
#include <ac_nonexistent.h>
         ^
1 error generated.
configure:7804: $? = 1
configure: failed program was:
| /* confdefs.h */
| #define PACKAGE_NAME "scws"
| #define PACKAGE_TARNAME "scws"
| #define PACKAGE_VERSION "1.2.3"
| #define PACKAGE_STRING "scws 1.2.3"
| #define PACKAGE_BUGREPORT "http://www.xunsearch.com/scws"
| #define PACKAGE_URL ""
| #define PACKAGE "scws"
| #define VERSION "1.2.3"
| /* end confdefs.h.  */
| #include <ac_nonexistent.h>
configure:7833: checking for ANSI C header files
configure:7853: gcc -c -O2  conftest.c >&5
configure:7853: $? = 0
configure:7926: gcc -o conftest -O2   conftest.c  >&5
configure:7926: $? = 0
configure:7926: ./conftest
configure:7926: $? = 0
configure:7937: result: yes
configure:7950: checking for sys/types.h
configure:7950: gcc -c -O2  conftest.c >&5
configure:7950: $? = 0
configure:7950: result: yes
configure:7950: checking for sys/stat.h
configure:7950: gcc -c -O2  conftest.c >&5
configure:7950: $? = 0
configure:7950: result: yes
configure:7950: checking for stdlib.h
configure:7950: gcc -c -O2  conftest.c >&5
configure:7950: $? = 0
configure:7950: result: yes
configure:7950: checking for string.h
configure:7950: gcc -c -O2  conftest.c >&5
configure:7950: $? = 0
configure:7950: result: yes
configure:7950: checking for memory.h
configure:7950: gcc -c -O2  conftest.c >&5
configure:7950: $? = 0
configure:7950: result: yes
configure:7950: checking for strings.h
configure:7950: gcc -c -O2  conftest.c >&5
configure:7950: $? = 0
configure:7950: result: yes
configure:7950: checking for inttypes.h
configure:7950: gcc -c -O2  conftest.c >&5
configure:7950: $? = 0
configure:7950: result: yes
configure:7950: checking for stdint.h
configure:7950: gcc -c -O2  conftest.c >&5
configure:7950: $? = 0
configure:7950: result: yes
configure:7950: checking for unistd.h
configure:7950: gcc -c -O2  conftest.c >&5
configure:7950: $? = 0
configure:7950: result: yes
configure:7964: checking for dlfcn.h
configure:7964: gcc -c -O2  conftest.c >&5
configure:7964: $? = 0
configure:7964: result: yes
configure:8190: checking for objdir
configure:8205: result: .libs
configure:8465: checking if gcc supports -fno-rtti -fno-exceptions
configure:8483: gcc -c -O2  -fno-rtti -fno-exceptions conftest.c >&5
configure:8487: $? = 0
configure:8500: result: yes
configure:8858: checking for gcc option to produce PIC
configure:8865: result: -fno-common -DPIC
configure:8873: checking if gcc PIC flag -fno-common -DPIC works
configure:8891: gcc -c -O2  -fno-common -DPIC -DPIC conftest.c >&5
configure:8895: $? = 0
configure:8908: result: yes
configure:8937: checking if gcc static flag -static works
configure:8965: result: no
configure:8980: checking if gcc supports -c -o file.o
configure:9001: gcc -c -O2  -o out/conftest2.o conftest.c >&5
configure:9005: $? = 0
configure:9027: result: yes
configure:9035: checking if gcc supports -c -o file.o
configure:9082: result: yes
configure:9115: checking whether the gcc linker (/Applications/Xcode.app/Contents/Developer/Toolchains/XcodeDefault.xctoolchain/usr/bin/ld) supports shared libraries
configure:10374: result: yes
configure:10614: checking dynamic linker characteristics
configure:11432: result: darwin15.0.0 dyld
configure:11554: checking how to hardcode library paths into programs
configure:11579: result: immediate
configure:12127: checking whether stripping libraries is possible
configure:12141: result: yes
configure:12167: checking if libtool supports shared libraries
configure:12169: result: yes
configure:12172: checking whether to build shared libraries
configure:12197: result: yes
configure:12200: checking whether to build static libraries
configure:12204: result: no
configure:12286: checking for logf in -lm
configure:12311: gcc -o conftest -O2   conftest.c -lm   >&5
conftest.c:30:6: warning: incompatible redeclaration of library function 'logf' [-Wincompatible-library-redeclaration]
char logf ();
     ^
conftest.c:30:6: note: 'logf' is a builtin with type 'float (float)'
1 warning generated.
configure:12311: $? = 0
configure:12320: result: yes
configure:12338: checking fcntl.h usability
configure:12338: gcc -c -O2  conftest.c >&5
configure:12338: $? = 0
configure:12338: result: yes
configure:12338: checking fcntl.h presence
configure:12338: gcc -E  conftest.c
configure:12338: $? = 0
configure:12338: result: yes
configure:12338: checking for fcntl.h
configure:12338: result: yes
configure:12338: checking netinet/in.h usability
configure:12338: gcc -c -O2  conftest.c >&5
configure:12338: $? = 0
configure:12338: result: yes
configure:12338: checking netinet/in.h presence
configure:12338: gcc -E  conftest.c
configure:12338: $? = 0
configure:12338: result: yes
configure:12338: checking for netinet/in.h
configure:12338: result: yes
configure:12338: checking math.h usability
configure:12338: gcc -c -O2  conftest.c >&5
configure:12338: $? = 0
configure:12338: result: yes
configure:12338: checking math.h presence
configure:12338: gcc -E  conftest.c
configure:12338: $? = 0
configure:12338: result: yes
configure:12338: checking for math.h
configure:12338: result: yes
configure:12338: checking for stdlib.h
configure:12338: result: yes
configure:12338: checking for string.h
configure:12338: result: yes
configure:12338: checking sys/file.h usability
configure:12338: gcc -c -O2  conftest.c >&5
configure:12338: $? = 0
configure:12338: result: yes
configure:12338: checking sys/file.h presence
configure:12338: gcc -E  conftest.c
configure:12338: $? = 0
configure:12338: result: yes
configure:12338: checking for sys/file.h
configure:12338: result: yes
configure:12338: checking sys/param.h usability
configure:12338: gcc -c -O2  conftest.c >&5
configure:12338: $? = 0
configure:12338: result: yes
configure:12338: checking sys/param.h presence
configure:12338: gcc -E  conftest.c
configure:12338: $? = 0
configure:12338: result: yes
configure:12338: checking for sys/param.h
configure:12338: result: yes
configure:12338: checking sys/time.h usability
configure:12338: gcc -c -O2  conftest.c >&5
configure:12338: $? = 0
configure:12338: result: yes
configure:12338: checking sys/time.h presence
configure:12338: gcc -E  conftest.c
configure:12338: $? = 0
configure:12338: result: yes
configure:12338: checking for sys/time.h
configure:12338: result: yes
configure:12338: checking for unistd.h
configure:12338: result: yes
configure:12350: checking for an ANSI C-conforming const
configure:12416: gcc -c -O2  conftest.c >&5
configure:12416: $? = 0
configure:12423: result: yes
configure:12431: checking for inline
configure:12447: gcc -c -O2  conftest.c >&5
configure:12447: $? = 0
configure:12455: result: inline
configure:12473: checking whether time.h and sys/time.h may both be included
configure:12493: gcc -c -O2  conftest.c >&5
configure:12493: $? = 0
configure:12500: result: yes
configure:12512: checking size of int
configure:12517: gcc -o conftest -O2   conftest.c -lm  >&5
configure:12517: $? = 0
configure:12517: ./conftest
configure:12517: $? = 0
configure:12531: result: 4
configure:12546: checking size of float
configure:12551: gcc -o conftest -O2   conftest.c -lm  >&5
configure:12551: $? = 0
configure:12551: ./conftest
configure:12551: $? = 0
configure:12565: result: 4
configure:12577: checking for struct flock
configure:12598: gcc -c -O2  conftest.c >&5
configure:12598: $? = 0
configure:12608: result: 
configure:12612: checking whether lstat correctly handles trailing slash
configure:12638: gcc -o conftest -O2   conftest.c -lm  >&5
configure:12638: $? = 0
configure:12638: ./conftest
configure:12638: $? = 1
configure: program exited with status 1
configure: failed program was:
| /* confdefs.h */
| #define PACKAGE_NAME "scws"
| #define PACKAGE_TARNAME "scws"
| #define PACKAGE_VERSION "1.2.3"
| #define PACKAGE_STRING "scws 1.2.3"
| #define PACKAGE_BUGREPORT "http://www.xunsearch.com/scws"
| #define PACKAGE_URL ""
| #define PACKAGE "scws"
| #define VERSION "1.2.3"
| #define STDC_HEADERS 1
| #define HAVE_SYS_TYPES_H 1
| #define HAVE_SYS_STAT_H 1
| #define HAVE_STDLIB_H 1
| #define HAVE_STRING_H 1
| #define HAVE_MEMORY_H 1
| #define HAVE_STRINGS_H 1
| #define HAVE_INTTYPES_H 1
| #define HAVE_STDINT_H 1
| #define HAVE_UNISTD_H 1
| #define HAVE_DLFCN_H 1
| #define LT_OBJDIR ".libs/"
| #define HAVE_LIBM 1
| #define HAVE_FCNTL_H 1
| #define HAVE_NETINET_IN_H 1
| #define HAVE_MATH_H 1
| #define HAVE_STDLIB_H 1
| #define HAVE_STRING_H 1
| #define HAVE_SYS_FILE_H 1
| #define HAVE_SYS_PARAM_H 1
| #define HAVE_SYS_TIME_H 1
| #define HAVE_UNISTD_H 1
| #define TIME_WITH_SYS_TIME 1
| #define SIZEOF_INT 4
| #define SIZEOF_FLOAT 4
| #define HAVE_STRUCT_FLOCK 1
| /* end confdefs.h.  */
| #include <stdio.h>
| #ifdef HAVE_SYS_TYPES_H
| # include <sys/types.h>
| #endif
| #ifdef HAVE_SYS_STAT_H
| # include <sys/stat.h>
| #endif
| #ifdef STDC_HEADERS
| # include <stdlib.h>
| # include <stddef.h>
| #else
| # ifdef HAVE_STDLIB_H
| #  include <stdlib.h>
| # endif
| #endif
| #ifdef HAVE_STRING_H
| # if !defined STDC_HEADERS && defined HAVE_MEMORY_H
| #  include <memory.h>
| # endif
| # include <string.h>
| #endif
| #ifdef HAVE_STRINGS_H
| # include <strings.h>
| #endif
| #ifdef HAVE_INTTYPES_H
| # include <inttypes.h>
| #endif
| #ifdef HAVE_STDINT_H
| # include <stdint.h>
| #endif
| #ifdef HAVE_UNISTD_H
| # include <unistd.h>
| #endif
| int
| main ()
| {
| struct stat sbuf;
|      /* Linux will dereference the symlink and fail, as required by POSIX.
| 	That is better in the sense that it means we will not
| 	have to compile and use the lstat wrapper.  */
|      return lstat ("conftest.sym/", &sbuf) == 0;
|   ;
|   return 0;
| }
configure:12655: result: no
configure:12674: checking whether lstat accepts an empty string
configure:12694: gcc -o conftest -O2   conftest.c -lm  >&5
configure:12694: $? = 0
configure:12694: ./conftest
configure:12694: $? = 0
configure:12704: result: no
configure:12720: checking whether lstat correctly handles trailing slash
configure:12763: result: no
configure:12788: checking for stdlib.h
configure:12788: result: yes
configure:12788: checking for unistd.h
configure:12788: result: yes
configure:12788: checking for sys/param.h
configure:12788: result: yes
configure:12808: checking for getpagesize
configure:12808: gcc -o conftest -O2   conftest.c -lm  >&5
configure:12808: $? = 0
configure:12808: result: yes
configure:12817: checking for working mmap
configure:12964: gcc -o conftest -O2   conftest.c -lm  >&5
configure:12964: $? = 0
configure:12964: ./conftest
configure:12964: $? = 0
configure:12974: result: yes
configure:12983: checking for working memcmp
configure:13026: gcc -o conftest -O2   conftest.c -lm  >&5
configure:13026: $? = 0
configure:13026: ./conftest
configure:13026: $? = 0
configure:13036: result: yes
configure:13048: checking for flock
configure:13048: gcc -o conftest -O2   conftest.c -lm  >&5
configure:13048: $? = 0
configure:13048: result: yes
configure:13048: checking for gettimeofday
configure:13048: gcc -o conftest -O2   conftest.c -lm  >&5
configure:13048: $? = 0
configure:13048: result: yes
configure:13048: checking for malloc
configure:13048: gcc -o conftest -O2   conftest.c -lm  >&5
conftest.c:67:6: warning: incompatible redeclaration of library function 'malloc' [-Wincompatible-library-redeclaration]
char malloc ();
     ^
conftest.c:67:6: note: 'malloc' is a builtin with type 'void *(unsigned long)'
1 warning generated.
configure:13048: $? = 0
configure:13048: result: yes
configure:13048: checking for memset
configure:13048: gcc -o conftest -O2   conftest.c -lm  >&5
conftest.c:68:6: warning: incompatible redeclaration of library function 'memset' [-Wincompatible-library-redeclaration]
char memset ();
     ^
conftest.c:68:6: note: 'memset' is a builtin with type 'void *(void *, int, unsigned long)'
1 warning generated.
configure:13048: $? = 0
configure:13048: result: yes
configure:13048: checking for munmap
configure:13048: gcc -o conftest -O2   conftest.c -lm  >&5
configure:13048: $? = 0
configure:13048: result: yes
configure:13048: checking for pow
configure:13048: gcc -o conftest -O2   conftest.c -lm  >&5
conftest.c:70:6: warning: incompatible redeclaration of library function 'pow' [-Wincompatible-library-redeclaration]
char pow ();
     ^
conftest.c:70:6: note: 'pow' is a builtin with type 'double (double, double)'
1 warning generated.
configure:13048: $? = 0
configure:13048: result: yes
configure:13048: checking for realpath
configure:13048: gcc -o conftest -O2   conftest.c -lm  >&5
configure:13048: $? = 0
configure:13048: result: yes
configure:13048: checking for strcasecmp
configure:13048: gcc -o conftest -O2   conftest.c -lm  >&5
conftest.c:72:6: warning: incompatible redeclaration of library function 'strcasecmp' [-Wincompatible-library-redeclaration]
char strcasecmp ();
     ^
conftest.c:72:6: note: 'strcasecmp' is a builtin with type 'int (const char *, const char *)'
1 warning generated.
configure:13048: $? = 0
configure:13048: result: yes
configure:13048: checking for strchr
configure:13048: gcc -o conftest -O2   conftest.c -lm  >&5
conftest.c:73:6: warning: incompatible redeclaration of library function 'strchr' [-Wincompatible-library-redeclaration]
char strchr ();
     ^
conftest.c:73:6: note: 'strchr' is a builtin with type 'char *(const char *, int)'
1 warning generated.
configure:13048: $? = 0
configure:13048: result: yes
configure:13048: checking for strdup
configure:13048: gcc -o conftest -O2   conftest.c -lm  >&5
conftest.c:74:6: warning: incompatible redeclaration of library function 'strdup' [-Wincompatible-library-redeclaration]
char strdup ();
     ^
conftest.c:74:6: note: 'strdup' is a builtin with type 'char *(const char *)'
1 warning generated.
configure:13048: $? = 0
configure:13048: result: yes
configure:13048: checking for strrchr
configure:13048: gcc -o conftest -O2   conftest.c -lm  >&5
conftest.c:75:6: warning: incompatible redeclaration of library function 'strrchr' [-Wincompatible-library-redeclaration]
char strrchr ();
     ^
conftest.c:75:6: note: 'strrchr' is a builtin with type 'char *(const char *, int)'
1 warning generated.
configure:13048: $? = 0
configure:13048: result: yes
configure:13048: checking for strndup
configure:13048: gcc -o conftest -O2   conftest.c -lm  >&5
conftest.c:76:6: warning: incompatible redeclaration of library function 'strndup' [-Wincompatible-library-redeclaration]
char strndup ();
     ^
conftest.c:76:6: note: 'strndup' is a builtin with type 'char *(const char *, unsigned long)'
1 warning generated.
configure:13048: $? = 0
configure:13048: result: yes
configure:13048: checking for strtok_r
configure:13048: gcc -o conftest -O2   conftest.c -lm  >&5
configure:13048: $? = 0
configure:13048: result: yes
configure:13169: checking that generated files are newer than configure
configure:13175: result: done
configure:13198: creating ./config.status

## ---------------------- ##
## Running config.status. ##
## ---------------------- ##

This file was extended by scws config.status 1.2.3, which was
generated by GNU Autoconf 2.69.  Invocation command line was

  CONFIG_FILES    = 
  CONFIG_HEADERS  = 
  CONFIG_LINKS    = 
  CONFIG_COMMANDS = 
  $ ./config.status 

on EL.local

config.status:1117: creating Makefile
config.status:1117: creating cli/Makefile
config.status:1117: creating etc/Makefile
config.status:1117: creating libscws/Makefile
config.status:1117: creating libscws/version.h
config.status:1117: creating config.h
config.status:1346: executing depfiles commands
config.status:1346: executing libtool commands

## ---------------- ##
## Cache variables. ##
## ---------------- ##

ac_cv_build=x86_64-apple-darwin15.0.0
ac_cv_c_compiler_gnu=yes
ac_cv_c_const=yes
ac_cv_c_inline=inline
ac_cv_env_CC_set=
ac_cv_env_CC_value=
ac_cv_env_CFLAGS_set=set
ac_cv_env_CFLAGS_value=-O2
ac_cv_env_CPPFLAGS_set=
ac_cv_env_CPPFLAGS_value=
ac_cv_env_CPP_set=
ac_cv_env_CPP_value=
ac_cv_env_LDFLAGS_set=
ac_cv_env_LDFLAGS_value=
ac_cv_env_LIBS_set=
ac_cv_env_LIBS_value=
ac_cv_env_LT_SYS_LIBRARY_PATH_set=
ac_cv_env_LT_SYS_LIBRARY_PATH_value=
ac_cv_env_build_alias_set=
ac_cv_env_build_alias_value=
ac_cv_env_host_alias_set=
ac_cv_env_host_alias_value=
ac_cv_env_target_alias_set=
ac_cv_env_target_alias_value=
ac_cv_func_flock=yes
ac_cv_func_getpagesize=yes
ac_cv_func_gettimeofday=yes
ac_cv_func_lstat_dereferences_slashed_symlink=no
ac_cv_func_lstat_empty_string_bug=no
ac_cv_func_malloc=yes
ac_cv_func_memcmp_working=yes
ac_cv_func_memset=yes
ac_cv_func_mmap_fixed_mapped=yes
ac_cv_func_munmap=yes
ac_cv_func_pow=yes
ac_cv_func_realpath=yes
ac_cv_func_strcasecmp=yes
ac_cv_func_strchr=yes
ac_cv_func_strdup=yes
ac_cv_func_strndup=yes
ac_cv_func_strrchr=yes
ac_cv_func_strtok_r=yes
ac_cv_header_dlfcn_h=yes
ac_cv_header_fcntl_h=yes
ac_cv_header_inttypes_h=yes
ac_cv_header_math_h=yes
ac_cv_header_memory_h=yes
ac_cv_header_netinet_in_h=yes
ac_cv_header_stdc=yes
ac_cv_header_stdint_h=yes
ac_cv_header_stdlib_h=yes
ac_cv_header_string_h=yes
ac_cv_header_strings_h=yes
ac_cv_header_sys_file_h=yes
ac_cv_header_sys_param_h=yes
ac_cv_header_sys_stat_h=yes
ac_cv_header_sys_time_h=yes
ac_cv_header_sys_types_h=yes
ac_cv_header_time=yes
ac_cv_header_unistd_h=yes
ac_cv_host=x86_64-apple-darwin15.0.0
ac_cv_lib_m_logf=yes
ac_cv_objext=o
ac_cv_path_EGREP='/usr/bin/grep -E'
ac_cv_path_FGREP='/usr/bin/grep -F'
ac_cv_path_GREP=/usr/bin/grep
ac_cv_path_SED=/usr/bin/sed
ac_cv_path_install='/usr/bin/install -c'
ac_cv_path_lt_DD=/bin/dd
ac_cv_prog_AWK=awk
ac_cv_prog_CPP='gcc -E'
ac_cv_prog_ac_ct_AR=ar
ac_cv_prog_ac_ct_CC=gcc
ac_cv_prog_ac_ct_DSYMUTIL=dsymutil
ac_cv_prog_ac_ct_LIPO=lipo
ac_cv_prog_ac_ct_NMEDIT=nmedit
ac_cv_prog_ac_ct_OTOOL=otool
ac_cv_prog_ac_ct_RANLIB=ranlib
ac_cv_prog_ac_ct_STRIP=strip
ac_cv_prog_cc_c89=
ac_cv_prog_cc_g=yes
ac_cv_prog_make_make_set=yes
ac_cv_sizeof_float=4
ac_cv_sizeof_int=4
am_cv_CC_dependencies_compiler_type=gcc3
am_cv_make_support_nested_variables=yes
am_cv_prog_cc_c_o=yes
lt_cv_apple_cc_single_mod=yes
lt_cv_ar_at_file=no
lt_cv_deplibs_check_method=pass_all
lt_cv_file_magic_cmd='$MAGIC_CMD'
lt_cv_file_magic_test_file=
lt_cv_ld_exported_symbols_list=yes
lt_cv_ld_force_load=yes
lt_cv_ld_reload_flag=-r
lt_cv_nm_interface='BSD nm'
lt_cv_objdir=.libs
lt_cv_path_LD=/Applications/Xcode.app/Contents/Developer/Toolchains/XcodeDefault.xctoolchain/usr/bin/ld
lt_cv_path_NM='/usr/bin/nm -B'
lt_cv_path_mainfest_tool=no
lt_cv_prog_compiler_c_o=yes
lt_cv_prog_compiler_pic='-fno-common -DPIC'
lt_cv_prog_compiler_pic_works=yes
lt_cv_prog_compiler_rtti_exceptions=yes
lt_cv_prog_compiler_static_works=no
lt_cv_prog_gnu_ld=no
lt_cv_sharedlib_from_linklib_cmd='printf %s\n'
lt_cv_sys_global_symbol_pipe='sed -n -e '\''s/^.*[	 ]\([BCDEGRST][BCDEGRST]*\)[	 ][	 ]*_\([_A-Za-z][_A-Za-z0-9]*\)$/\1 _\2 \2/p'\'' | sed '\''/ __gnu_lto/d'\'''
lt_cv_sys_global_symbol_to_c_name_address='sed -n -e '\''s/^: \(.*\) .*$/  {"\1", (void *) 0},/p'\'' -e '\''s/^[BCDEGRST][BCDEGRST]* .* \(.*\)$/  {"\1", (void *) \&\1},/p'\'''
lt_cv_sys_global_symbol_to_c_name_address_lib_prefix='sed -n -e '\''s/^: \(.*\) .*$/  {"\1", (void *) 0},/p'\'' -e '\''s/^[BCDEGRST][BCDEGRST]* .* \(lib.*\)$/  {"\1", (void *) \&\1},/p'\'' -e '\''s/^[BCDEGRST][BCDEGRST]* .* \(.*\)$/  {"lib\1", (void *) \&\1},/p'\'''
lt_cv_sys_global_symbol_to_cdecl='sed -n -e '\''s/^T .* \(.*\)$/extern int \1();/p'\'' -e '\''s/^[BCDEGRST][BCDEGRST]* .* \(.*\)$/extern char \1;/p'\'''
lt_cv_sys_global_symbol_to_import=
lt_cv_sys_max_cmd_len=196608
lt_cv_to_host_file_cmd=func_convert_file_noop
lt_cv_to_tool_file_cmd=func_convert_file_noop
lt_cv_truncate_bin='/bin/dd bs=4096 count=1'

## ----------------- ##
## Output variables. ##
## ----------------- ##

ACLOCAL='${SHELL} /svr/htdocs/test/xunsearch/scws-1.2.3/missing aclocal-1.15'
AMDEPBACKSLASH='\'
AMDEP_FALSE='#'
AMDEP_TRUE=''
AMTAR='$${TAR-tar}'
AM_BACKSLASH='\'
AM_DEFAULT_V='$(AM_DEFAULT_VERBOSITY)'
AM_DEFAULT_VERBOSITY='1'
AM_V='$(V)'
AR='ar'
AUTOCONF='${SHELL} /svr/htdocs/test/xunsearch/scws-1.2.3/missing autoconf'
AUTOHEADER='${SHELL} /svr/htdocs/test/xunsearch/scws-1.2.3/missing autoheader'
AUTOMAKE='${SHELL} /svr/htdocs/test/xunsearch/scws-1.2.3/missing automake-1.15'
AWK='awk'
CC='gcc'
CCDEPMODE='depmode=gcc3'
CFLAGS='-O2'
CPP='gcc -E'
CPPFLAGS=''
CYGPATH_W='echo'
DEFS='-DHAVE_CONFIG_H'
DEPDIR='.deps'
DLLTOOL='false'
DSYMUTIL='dsymutil'
DUMPBIN=''
ECHO_C='\c'
ECHO_N=''
ECHO_T=''
EGREP='/usr/bin/grep -E'
EXEEXT=''
FGREP='/usr/bin/grep -F'
GREP='/usr/bin/grep'
INSTALL_DATA='${INSTALL} -m 644'
INSTALL_PROGRAM='${INSTALL}'
INSTALL_SCRIPT='${INSTALL}'
INSTALL_STRIP_PROGRAM='$(install_sh) -c -s'
LD='/Applications/Xcode.app/Contents/Developer/Toolchains/XcodeDefault.xctoolchain/usr/bin/ld'
LDFLAGS=''
LIBOBJS=' ${LIBOBJDIR}lstat$U.o'
LIBS='-lm '
LIBTOOL='$(SHELL) $(top_builddir)/libtool --preserve-dup-deps'
LIPO='lipo'
LN_S='ln -s'
LTLIBOBJS=' ${LIBOBJDIR}lstat$U.lo'
LT_SYS_LIBRARY_PATH=''
MAKEINFO='${SHELL} /svr/htdocs/test/xunsearch/scws-1.2.3/missing makeinfo'
MANIFEST_TOOL=':'
MKDIR_P='./install-sh -c -d'
NM='/usr/bin/nm -B'
NMEDIT='nmedit'
OBJDUMP='false'
OBJEXT='o'
OTOOL64=':'
OTOOL='otool'
PACKAGE='scws'
PACKAGE_BUGREPORT='http://www.xunsearch.com/scws'
PACKAGE_NAME='scws'
PACKAGE_STRING='scws 1.2.3'
PACKAGE_TARNAME='scws'
PACKAGE_URL=''
PACKAGE_VERSION='1.2.3'
PATH_SEPARATOR=':'
RANLIB='ranlib'
SED='/usr/bin/sed'
SET_MAKE=''
SHARED_LIB_VERSION='2:0:1'
SHELL='/bin/sh'
STRIP='strip'
VERSION='1.2.3'
ac_ct_AR='ar'
ac_ct_CC='gcc'
ac_ct_DUMPBIN=''
am__EXEEXT_FALSE=''
am__EXEEXT_TRUE='#'
am__fastdepCC_FALSE='#'
am__fastdepCC_TRUE=''
am__include='include'
am__isrc=''
am__leading_dot='.'
am__nodep='_no'
am__quote=''
am__tar='$${TAR-tar} chof - "$$tardir"'
am__untar='$${TAR-tar} xf -'
bindir='${exec_prefix}/bin'
build='x86_64-apple-darwin15.0.0'
build_alias=''
build_cpu='x86_64'
build_os='darwin15.0.0'
build_vendor='apple'
datadir='${datarootdir}'
datarootdir='${prefix}/share'
docdir='${datarootdir}/doc/${PACKAGE_TARNAME}'
dvidir='${docdir}'
exec_prefix='${prefix}'
host='x86_64-apple-darwin15.0.0'
host_alias=''
host_cpu='x86_64'
host_os='darwin15.0.0'
host_vendor='apple'
htmldir='${docdir}'
includedir='${prefix}/include'
infodir='${datarootdir}/info'
install_sh='${SHELL} /svr/htdocs/test/xunsearch/scws-1.2.3/install-sh'
libdir='${exec_prefix}/lib'
libexecdir='${exec_prefix}/libexec'
localedir='${datarootdir}/locale'
localstatedir='${prefix}/var'
mandir='${datarootdir}/man'
mkdir_p='$(MKDIR_P)'
oldincludedir='/usr/include'
pdfdir='${docdir}'
prefix='/svr/htdocs/test/xunsearch'
program_transform_name='s,x,x,'
psdir='${docdir}'
sbindir='${exec_prefix}/sbin'
sharedstatedir='${prefix}/com'
sysconfdir='${prefix}/etc'
target_alias=''

## ----------- ##
## confdefs.h. ##
## ----------- ##

/* confdefs.h */
#define PACKAGE_NAME "scws"
#define PACKAGE_TARNAME "scws"
#define PACKAGE_VERSION "1.2.3"
#define PACKAGE_STRING "scws 1.2.3"
#define PACKAGE_BUGREPORT "http://www.xunsearch.com/scws"
#define PACKAGE_URL ""
#define PACKAGE "scws"
#define VERSION "1.2.3"
#define STDC_HEADERS 1
#define HAVE_SYS_TYPES_H 1
#define HAVE_SYS_STAT_H 1
#define HAVE_STDLIB_H 1
#define HAVE_STRING_H 1
#define HAVE_MEMORY_H 1
#define HAVE_STRINGS_H 1
#define HAVE_INTTYPES_H 1
#define HAVE_STDINT_H 1
#define HAVE_UNISTD_H 1
#define HAVE_DLFCN_H 1
#define LT_OBJDIR ".libs/"
#define HAVE_LIBM 1
#define HAVE_FCNTL_H 1
#define HAVE_NETINET_IN_H 1
#define HAVE_MATH_H 1
#define HAVE_STDLIB_H 1
#define HAVE_STRING_H 1
#define HAVE_SYS_FILE_H 1
#define HAVE_SYS_PARAM_H 1
#define HAVE_SYS_TIME_H 1
#define HAVE_UNISTD_H 1
#define TIME_WITH_SYS_TIME 1
#define SIZEOF_INT 4
#define SIZEOF_FLOAT 4
#define HAVE_STRUCT_FLOCK 1
#define HAVE_STDLIB_H 1
#define HAVE_UNISTD_H 1
#define HAVE_SYS_PARAM_H 1
#define HAVE_GETPAGESIZE 1
#define HAVE_MMAP 1
#define HAVE_FLOCK 1
#define HAVE_GETTIMEOFDAY 1
#define HAVE_MALLOC 1
#define HAVE_MEMSET 1
#define HAVE_MUNMAP 1
#define HAVE_POW 1
#define HAVE_REALPATH 1
#define HAVE_STRCASECMP 1
#define HAVE_STRCHR 1
#define HAVE_STRDUP 1
#define HAVE_STRRCHR 1
#define HAVE_STRNDUP 1
#define HAVE_STRTOK_R 1

configure: exit 0
